2021-07-01 14:52:06.187 [main] DEBUG tech.kitucode.demo.App - Initialized the logger with basic configs
2021-07-01 14:52:06.196 [main] DEBUG tech.kitucode.demo.App - demo|server connected with port : 12000
2021-07-01 14:52:06.196 [main] DEBUG tech.kitucode.demo.App - demo|waiting for connections:
2021-07-01 14:52:10.651 [main] DEBUG tech.kitucode.demo.App - demo|starting a connection to : /127.0.0.1 at port : 47438
2021-07-01 14:52:10.656 [city-thread] DEBUG tech.kitucode.demo.App - demo|client connected with port : 47438 on thread : city-thread
2021-07-01 17:37:54.853 [main] DEBUG tech.kitucode.demo.App - Initialized log4j2
2021-07-01 17:37:54.860 [main] DEBUG tech.kitucode.demo.App - demo|server connected with port : 12000
2021-07-01 17:37:54.861 [main] DEBUG tech.kitucode.demo.App - demo|waiting for connections:
2021-07-01 17:38:20.749 [main] DEBUG tech.kitucode.demo.App - Initialized log4j2
2021-07-01 17:38:20.759 [main] DEBUG tech.kitucode.demo.App - demo|server connected with port : 12000
2021-07-01 17:38:20.759 [main] DEBUG tech.kitucode.demo.App - demo|waiting for connections:
2021-07-01 19:59:07.241 [main] DEBUG tech.kitucode.demo.App - Initialized log4j2
2021-07-01 19:59:07.245 [main] DEBUG tech.kitucode.demo.App - Initializing datasource
2021-07-01 20:00:19.227 [main] DEBUG tech.kitucode.demo.App - Initialized log4j2
2021-07-01 20:00:19.231 [main] DEBUG tech.kitucode.demo.App - Initializing datasource
2021-07-01 20:00:59.437 [main] DEBUG tech.kitucode.demo.App - Initialized log4j2
2021-07-01 20:00:59.441 [main] DEBUG tech.kitucode.demo.App - Initializing datasource
2021-07-01 20:00:59.655 [main] INFO  tech.kitucode.demo.App - system|finished initializing dataSource
2021-07-01 20:00:59.656 [main] DEBUG tech.kitucode.demo.App - demo|server connected with port : 12000
2021-07-01 20:00:59.657 [main] DEBUG tech.kitucode.demo.App - demo|waiting for connections:
2021-07-01 20:02:32.626 [main] DEBUG tech.kitucode.demo.App - Initialized log4j2
2021-07-01 20:02:32.631 [main] DEBUG tech.kitucode.demo.App - Initializing datasource
2021-07-01 20:02:33.093 [main] INFO  tech.kitucode.demo.App - system|finished initializing dataSource
2021-07-01 20:08:21.764 [main] DEBUG tech.kitucode.demo.App - Initialized log4j2
2021-07-01 20:08:21.767 [main] DEBUG tech.kitucode.demo.App - Initializing datasource
2021-07-01 20:08:22.345 [main] INFO  tech.kitucode.demo.App - system|finished initializing dataSource
2021-07-01 20:08:22.349 [main] DEBUG tech.kitucode.demo.App - Waiting for client connections on port : 12000
2021-07-01 20:18:23.206 [main] DEBUG tech.kitucode.demo.App - Initialized log4j2
2021-07-01 20:18:23.211 [main] DEBUG tech.kitucode.demo.App - Initializing datasource
2021-07-01 20:18:23.550 [main] INFO  tech.kitucode.demo.App - system|finished initializing dataSource
2021-07-01 20:18:23.553 [main] INFO  tech.kitucode.demo.App - Waiting for client connections on port : 12000
2021-07-01 20:18:38.376 [main] INFO  tech.kitucode.demo.App - Client connected with port : 55896
2021-07-01 20:19:05.392 [main] DEBUG tech.kitucode.demo.App - Initialized log4j2
2021-07-01 20:19:05.395 [main] DEBUG tech.kitucode.demo.App - Initializing datasource
2021-07-01 20:19:06.104 [main] INFO  tech.kitucode.demo.App - system|finished initializing dataSource
2021-07-01 20:19:06.108 [main] INFO  tech.kitucode.demo.App - Waiting for client connections on port : 12000
2021-07-01 20:19:07.801 [main] INFO  tech.kitucode.demo.App - Client connected with port : 55968
2021-07-01 20:20:36.054 [main] DEBUG tech.kitucode.demo.App - Initialized log4j2
2021-07-01 20:20:36.057 [main] DEBUG tech.kitucode.demo.App - Initializing datasource
2021-07-01 20:20:36.378 [main] INFO  tech.kitucode.demo.App - system|finished initializing dataSource
2021-07-01 20:20:36.381 [main] INFO  tech.kitucode.demo.App - Waiting for client connections on port : 12000
2021-07-01 20:20:41.197 [main] INFO  tech.kitucode.demo.App - Client connected with port : 56106
2021-07-01 20:21:06.376 [main] DEBUG tech.kitucode.demo.App - Initialized log4j2
2021-07-01 20:21:06.380 [main] DEBUG tech.kitucode.demo.App - Initializing datasource
2021-07-01 20:21:06.802 [main] INFO  tech.kitucode.demo.App - system|finished initializing dataSource
2021-07-01 20:21:06.806 [main] INFO  tech.kitucode.demo.App - Waiting for client connections on port : 12000
2021-07-01 20:21:08.733 [main] INFO  tech.kitucode.demo.App - Client connected with port : 56178
2021-07-01 20:24:46.028 [main] DEBUG tech.kitucode.demo.App - Initialized log4j2
2021-07-01 20:24:46.033 [main] DEBUG tech.kitucode.demo.App - Initializing datasource
2021-07-01 20:24:46.438 [main] INFO  tech.kitucode.demo.App - system|finished initializing dataSource
2021-07-01 20:24:46.441 [main] INFO  tech.kitucode.demo.App - Waiting for client connections on port : 12000
2021-07-01 20:24:49.932 [main] INFO  tech.kitucode.demo.App - Client connected with port : 56308
2021-07-01 20:25:27.253 [main] INFO  tech.kitucode.demo.App - Client connected with port : 56312
2021-07-01 20:36:28.816 [main] DEBUG tech.kitucode.demo.App - Initialized log4j2
2021-07-01 20:36:28.820 [main] DEBUG tech.kitucode.demo.App - Initializing datasource
2021-07-01 20:36:29.174 [main] INFO  tech.kitucode.demo.App - system|finished initializing dataSource
2021-07-01 20:36:29.177 [main] INFO  tech.kitucode.demo.App - Waiting for client connections on port : 12000
2021-07-01 20:37:15.305 [main] DEBUG tech.kitucode.demo.App - Initialized log4j2
2021-07-01 20:37:15.307 [main] DEBUG tech.kitucode.demo.App - Initializing datasource
2021-07-01 20:37:15.575 [main] INFO  tech.kitucode.demo.App - system|finished initializing dataSource
2021-07-01 20:37:15.579 [main] INFO  tech.kitucode.demo.App - Waiting for client connections on port : 12000
2021-07-01 20:37:41.491 [main] INFO  tech.kitucode.demo.App - Client connected with port : 56692
2021-07-01 20:39:45.371 [main] DEBUG tech.kitucode.demo.App - Initialized log4j2
2021-07-01 20:39:45.374 [main] DEBUG tech.kitucode.demo.App - Initializing datasource
2021-07-01 20:39:45.756 [main] INFO  tech.kitucode.demo.App - system|finished initializing dataSource
2021-07-01 20:39:45.761 [main] INFO  tech.kitucode.demo.App - Waiting for client connections on port : 12000
2021-07-01 20:40:03.767 [main] DEBUG tech.kitucode.demo.App - Initialized log4j2
2021-07-01 20:40:03.769 [main] DEBUG tech.kitucode.demo.App - Initializing datasource
2021-07-01 20:40:03.978 [main] INFO  tech.kitucode.demo.App - system|finished initializing dataSource
2021-07-01 20:40:03.981 [main] INFO  tech.kitucode.demo.App - Waiting for client connections on port : 12000
2021-07-01 20:42:10.798 [main] DEBUG tech.kitucode.demo.App - Initialized log4j2
2021-07-01 20:42:10.802 [main] DEBUG tech.kitucode.demo.App - Initializing datasource
2021-07-01 20:42:11.105 [main] INFO  tech.kitucode.demo.App - system|finished initializing dataSource
2021-07-01 20:42:11.109 [main] INFO  tech.kitucode.demo.App - Waiting for client connections on port : 12000
2021-07-01 20:42:17.785 [main] INFO  tech.kitucode.demo.App - Client connected with port : 56962
2021-07-01 20:44:36.304 [main] DEBUG tech.kitucode.demo.App - Initialized log4j2
2021-07-01 20:44:36.308 [main] DEBUG tech.kitucode.demo.App - Initializing datasource
2021-07-01 20:44:36.608 [main] INFO  tech.kitucode.demo.App - system|finished initializing dataSource
2021-07-01 20:44:36.612 [main] INFO  tech.kitucode.demo.App - Waiting for client connections on port : 12000
2021-07-01 20:44:48.792 [main] INFO  tech.kitucode.demo.App - Client connected with port : 57064
2021-07-01 20:44:49.995 [main] DEBUG tech.kitucode.demo.App - About to send : Request{event=BUY, accountNumber='1245', amount=100.0} to pre processor
2021-07-01 20:46:57.363 [main] DEBUG tech.kitucode.demo.App - Initialized log4j2
2021-07-01 20:46:57.370 [main] DEBUG tech.kitucode.demo.App - Initializing datasource
2021-07-01 20:46:57.758 [main] INFO  tech.kitucode.demo.App - system|finished initializing dataSource
2021-07-01 20:46:57.761 [main] INFO  tech.kitucode.demo.App - Waiting for client connections on port : 12000
2021-07-01 20:47:00.303 [main] INFO  tech.kitucode.demo.App - Client connected with port : 57166
2021-07-01 20:47:01.518 [main] DEBUG tech.kitucode.demo.App - About to send : Request{event=BUY, accountNumber='1245', amount=100.0} to PreProcessor
2021-07-01 20:48:46.863 [main] DEBUG tech.kitucode.demo.App - Initialized log4j2
2021-07-01 20:48:46.866 [main] DEBUG tech.kitucode.demo.App - Initializing datasource
2021-07-01 20:48:47.252 [main] INFO  tech.kitucode.demo.App - system|finished initializing dataSource
2021-07-01 20:48:47.255 [main] INFO  tech.kitucode.demo.App - Waiting for client connections on port : 12000
2021-07-01 20:48:48.382 [main] INFO  tech.kitucode.demo.App - Client connected with port : 57250
2021-07-01 20:48:50.440 [main] DEBUG tech.kitucode.demo.App - About to send : Request{event=BUY, accountNumber='1245', amount=100.0} to PreProcessor
2021-07-01 20:48:50.441 [main] DEBUG tech.kitucode.demo.core.Processor - Calling class : class tech.kitucode.demo.processors.PreProcessor
2021-07-01 20:50:47.061 [main] DEBUG tech.kitucode.demo.App - Initialized log4j2
2021-07-01 20:50:47.064 [main] DEBUG tech.kitucode.demo.App - Initializing datasource
2021-07-01 20:50:47.326 [main] INFO  tech.kitucode.demo.App - system|finished initializing dataSource
2021-07-01 20:50:47.329 [main] INFO  tech.kitucode.demo.App - Waiting for client connections on port : 12000
2021-07-01 20:50:47.824 [main] INFO  tech.kitucode.demo.App - Client connected with port : 57348
2021-07-01 20:50:49.365 [main] DEBUG tech.kitucode.demo.App - About to send : Request{event=BUY, accountNumber='1245', amount=100.0} to PreProcessor
2021-07-01 20:50:49.366 [main] DEBUG tech.kitucode.demo.core.Processor - Calling class : class tech.kitucode.demo.processors.PreProcessor
2021-07-01 20:50:49.366 [main] DEBUG tech.kitucode.demo.core.Processor - Calling method : public void tech.kitucode.demo.processors.PreProcessor.process(tech.kitucode.demo.domain.Request)
2021-07-01 20:52:10.011 [main] DEBUG tech.kitucode.demo.App - Initialized log4j2
2021-07-01 20:52:10.015 [main] DEBUG tech.kitucode.demo.App - Initializing datasource
2021-07-01 20:52:10.303 [main] INFO  tech.kitucode.demo.App - system|finished initializing dataSource
2021-07-01 20:52:10.307 [main] INFO  tech.kitucode.demo.App - Waiting for client connections on port : 12000
2021-07-01 20:52:13.409 [main] INFO  tech.kitucode.demo.App - Client connected with port : 57432
2021-07-01 20:52:15.287 [main] DEBUG tech.kitucode.demo.App - About to send : Request{event=BUY, accountNumber='1245', amount=100.0} to PreProcessor
2021-07-01 20:52:15.288 [main] DEBUG tech.kitucode.demo.core.Processor - Calling class : class tech.kitucode.demo.processors.PreProcessor
2021-07-01 20:52:15.289 [main] DEBUG tech.kitucode.demo.core.Processor - Calling method : public void tech.kitucode.demo.processors.PreProcessor.process(tech.kitucode.demo.domain.Request)
2021-07-01 20:55:39.774 [main] DEBUG tech.kitucode.demo.App - Initialized log4j2
2021-07-01 20:55:39.777 [main] DEBUG tech.kitucode.demo.App - Initializing datasource
2021-07-01 20:55:40.093 [main] INFO  tech.kitucode.demo.App - system|finished initializing dataSource
2021-07-01 20:55:40.095 [main] INFO  tech.kitucode.demo.App - Waiting for client connections on port : 12000
2021-07-01 20:55:43.212 [main] INFO  tech.kitucode.demo.App - Client connected with port : 57534
2021-07-01 20:55:56.834 [main] DEBUG tech.kitucode.demo.App - About to send : Request{event=BUY, accountNumber='1245', amount=100.0} to PreProcessor
2021-07-01 20:55:56.834 [main] DEBUG tech.kitucode.demo.core.Processor - Calling class : class tech.kitucode.demo.processors.PreProcessor
2021-07-01 20:55:56.835 [main] DEBUG tech.kitucode.demo.core.Processor - Calling method : public void tech.kitucode.demo.processors.PreProcessor.process(tech.kitucode.demo.domain.Request)
2021-07-01 20:57:20.669 [main] DEBUG tech.kitucode.demo.App - Initialized log4j2
2021-07-01 20:57:20.672 [main] DEBUG tech.kitucode.demo.App - Initializing datasource
2021-07-01 20:57:21.022 [main] INFO  tech.kitucode.demo.App - system|finished initializing dataSource
2021-07-01 20:57:21.028 [main] INFO  tech.kitucode.demo.App - Waiting for client connections on port : 12000
2021-07-01 20:57:37.061 [main] INFO  tech.kitucode.demo.App - Client connected with port : 57698
2021-07-01 20:57:47.067 [main] DEBUG tech.kitucode.demo.App - About to send : Request{event=BUY, accountNumber='1245', amount=100.0} to PreProcessor
2021-07-01 20:57:47.067 [main] DEBUG tech.kitucode.demo.core.Processor - Calling class : class tech.kitucode.demo.processors.PreProcessor
2021-07-01 20:57:47.068 [main] DEBUG tech.kitucode.demo.core.Processor - Calling method : public void tech.kitucode.demo.processors.PreProcessor.process(tech.kitucode.demo.domain.Request)
2021-07-01 20:57:47.068 [main] DEBUG tech.kitucode.demo.processors.PreProcessor - Received a request : Request{event=BUY, accountNumber='1245', amount=100.0}
2021-07-01 20:57:47.069 [main] DEBUG tech.kitucode.demo.core.Processor - Calling class : class tech.kitucode.demo.processors.RechargeProcessor
2021-07-01 20:58:42.385 [main] DEBUG tech.kitucode.demo.App - Initialized log4j2
2021-07-01 20:58:42.388 [main] DEBUG tech.kitucode.demo.App - Initializing datasource
2021-07-01 20:58:42.726 [main] INFO  tech.kitucode.demo.App - system|finished initializing dataSource
2021-07-01 20:58:42.730 [main] INFO  tech.kitucode.demo.App - Waiting for client connections on port : 12000
2021-07-01 20:58:44.915 [main] INFO  tech.kitucode.demo.App - Client connected with port : 57772
2021-07-01 20:58:49.347 [main] DEBUG tech.kitucode.demo.App - About to send : Request{event=BUY, accountNumber='1245', amount=100.0} to PreProcessor
2021-07-01 20:58:49.348 [main] DEBUG tech.kitucode.demo.processors.PreProcessor - Received a request : Request{event=BUY, accountNumber='1245', amount=100.0}
2021-07-01 21:05:14.848 [main] DEBUG tech.kitucode.demo.App - Initialized log4j2
2021-07-01 21:05:14.850 [main] DEBUG tech.kitucode.demo.App - Initializing datasource
2021-07-01 21:05:15.119 [main] INFO  tech.kitucode.demo.App - system|finished initializing dataSource
2021-07-01 21:05:15.125 [main] INFO  tech.kitucode.demo.App - Waiting for client connections on port : 12000
2021-07-01 21:05:56.306 [main] DEBUG tech.kitucode.demo.App - Initialized log4j2
2021-07-01 21:05:56.310 [main] DEBUG tech.kitucode.demo.App - Initializing datasource
2021-07-01 21:05:56.758 [main] INFO  tech.kitucode.demo.App - system|finished initializing dataSource
2021-07-01 21:05:56.761 [main] INFO  tech.kitucode.demo.App - Waiting for client connections on port : 12000
2021-07-01 21:06:05.174 [main] INFO  tech.kitucode.demo.App - Client connected with port : 57984
2021-07-01 21:06:34.728 [main] DEBUG tech.kitucode.demo.App - About to send : Request{event=BUY, accountNumber='1245', amount=100.0} to PreProcessor
2021-07-01 21:06:34.729 [main] DEBUG tech.kitucode.demo.processors.PreProcessor - Received a request : Request{event=BUY, accountNumber='1245', amount=100.0}
2021-07-01 21:07:18.569 [main] DEBUG tech.kitucode.demo.App - Initialized log4j2
2021-07-01 21:07:18.572 [main] DEBUG tech.kitucode.demo.App - Initializing datasource
2021-07-01 21:07:18.934 [main] INFO  tech.kitucode.demo.App - system|finished initializing dataSource
2021-07-01 21:07:18.938 [main] INFO  tech.kitucode.demo.App - Waiting for client connections on port : 12000
2021-07-01 21:07:22.605 [acceptor-thread] INFO  tech.kitucode.demo.App - Client connected with port : 58064
2021-07-01 21:07:26.023 [acceptor-thread] DEBUG tech.kitucode.demo.App - About to send : Request{event=BUY, accountNumber='1245', amount=100.0} to PreProcessor
2021-07-01 21:07:26.024 [acceptor-thread] DEBUG tech.kitucode.demo.processors.PreProcessor - Received a request : Request{event=BUY, accountNumber='1245', amount=100.0}
2021-07-01 21:09:07.322 [main] DEBUG tech.kitucode.demo.App - Initialized log4j2
2021-07-01 21:09:07.325 [main] DEBUG tech.kitucode.demo.App - Initializing datasource
2021-07-01 21:09:07.751 [main] INFO  tech.kitucode.demo.App - system|finished initializing dataSource
2021-07-01 21:09:07.756 [main] INFO  tech.kitucode.demo.App - Waiting for client connections on port : 12000
2021-07-01 21:09:11.605 [acceptor-thread] INFO  tech.kitucode.demo.App - Client connected with port : 58148
2021-07-01 21:09:15.469 [acceptor-thread] INFO  tech.kitucode.demo.App - Client connected with port : 58150
2021-07-01 21:09:24.722 [acceptor-thread] DEBUG tech.kitucode.demo.App - About to send : Request{event=BUY, accountNumber='1245', amount=100.0} to PreProcessor
2021-07-01 21:09:24.723 [acceptor-thread] DEBUG tech.kitucode.demo.processors.PreProcessor - Received a request : Request{event=BUY, accountNumber='1245', amount=100.0}
2021-07-01 21:09:29.347 [acceptor-thread] DEBUG tech.kitucode.demo.App - About to send : Request{event=BUY, accountNumber='1245', amount=100.0} to PreProcessor
2021-07-01 21:09:29.347 [acceptor-thread] DEBUG tech.kitucode.demo.processors.PreProcessor - Received a request : Request{event=BUY, accountNumber='1245', amount=100.0}
2021-07-01 21:11:50.038 [acceptor-thread] INFO  tech.kitucode.demo.App - Client connected with port : 58190
2021-07-01 21:11:54.286 [acceptor-thread] DEBUG tech.kitucode.demo.App - About to send : Request{event=BUY, accountNumber='1245', amount=100.0} to PreProcessor
2021-07-01 21:11:54.287 [acceptor-thread] DEBUG tech.kitucode.demo.processors.PreProcessor - Received a request : Request{event=BUY, accountNumber='1245', amount=100.0}
2021-07-01 21:12:08.067 [acceptor-thread] DEBUG tech.kitucode.demo.App - About to send : Request{event=BUY, accountNumber='1245', amount=100.0} to PreProcessor
2021-07-01 21:12:08.067 [acceptor-thread] DEBUG tech.kitucode.demo.processors.PreProcessor - Received a request : Request{event=BUY, accountNumber='1245', amount=100.0}
2021-07-01 21:37:27.319 [main] DEBUG tech.kitucode.demo.App - Initialized log4j2
2021-07-01 21:37:27.323 [main] DEBUG tech.kitucode.demo.App - Initializing datasource
2021-07-01 21:37:27.713 [main] INFO  tech.kitucode.demo.App - system|finished initializing dataSource
2021-07-01 21:37:27.716 [main] INFO  tech.kitucode.demo.App - Waiting for client connections on port : 12000
2021-07-01 21:37:32.073 [acceptor-thread] INFO  tech.kitucode.demo.App - Client connected with port : 58764
2021-07-01 21:37:37.419 [acceptor-thread] DEBUG tech.kitucode.demo.App - About to send : BAL 12345 to PreProcessor
2021-07-01 21:37:37.420 [acceptor-thread] DEBUG tech.kitucode.demo.processors.PreProcessor - Received a request : BAL 12345
2021-07-01 21:38:57.774 [main] DEBUG tech.kitucode.demo.App - Initialized log4j2
2021-07-01 21:38:57.777 [main] DEBUG tech.kitucode.demo.App - Initializing datasource
2021-07-01 21:38:58.146 [main] INFO  tech.kitucode.demo.App - system|finished initializing dataSource
2021-07-01 21:38:58.150 [main] INFO  tech.kitucode.demo.App - Waiting for client connections on port : 12000
2021-07-01 21:39:05.914 [acceptor-thread] INFO  tech.kitucode.demo.App - Client connected with port : 58840
2021-07-01 21:39:09.409 [acceptor-thread] DEBUG tech.kitucode.demo.App - About to send : BAL 12000 to PreProcessor
2021-07-01 21:39:09.410 [acceptor-thread] DEBUG tech.kitucode.demo.processors.PreProcessor - Received a request : BAL 12000
2021-07-01 21:39:09.411 [acceptor-thread] DEBUG tech.kitucode.demo.processors.PreProcessor - Received a BAL request
2021-07-01 21:39:30.047 [acceptor-thread] DEBUG tech.kitucode.demo.App - About to send : BUY 12000 100 to PreProcessor
2021-07-01 21:39:30.047 [acceptor-thread] DEBUG tech.kitucode.demo.processors.PreProcessor - Received a request : BUY 12000 100
2021-07-01 21:39:30.048 [acceptor-thread] DEBUG tech.kitucode.demo.processors.PreProcessor - Received a BUY request
2021-07-01 21:40:07.762 [main] DEBUG tech.kitucode.demo.App - Initialized log4j2
2021-07-01 21:40:07.767 [main] DEBUG tech.kitucode.demo.App - Initializing datasource
2021-07-01 21:40:08.227 [main] INFO  tech.kitucode.demo.App - system|finished initializing dataSource
2021-07-01 21:40:08.232 [main] INFO  tech.kitucode.demo.App - Waiting for client connections on port : 12000
2021-07-01 21:40:21.181 [acceptor-thread] INFO  tech.kitucode.demo.App - Client connected with port : 58930
2021-07-01 21:40:23.979 [acceptor-thread] DEBUG tech.kitucode.demo.App - About to send : BAL 12000 to PreProcessor
2021-07-01 21:40:23.980 [acceptor-thread] DEBUG tech.kitucode.demo.processors.PreProcessor - Received a request : BAL 12000
2021-07-01 21:40:23.980 [acceptor-thread] DEBUG tech.kitucode.demo.processors.PreProcessor - Received a BAL request
2021-07-01 21:41:26.860 [main] DEBUG tech.kitucode.demo.App - Initialized log4j2
2021-07-01 21:41:26.863 [main] DEBUG tech.kitucode.demo.App - Initializing datasource
2021-07-01 21:41:27.174 [main] INFO  tech.kitucode.demo.App - system|finished initializing dataSource
2021-07-01 21:41:27.176 [main] INFO  tech.kitucode.demo.App - Waiting for client connections on port : 12000
2021-07-01 21:41:27.315 [acceptor-thread] INFO  tech.kitucode.demo.App - Client connected with port : 58976
2021-07-01 21:41:31.750 [acceptor-thread] DEBUG tech.kitucode.demo.App - About to send : BAL 12000 to PreProcessor
2021-07-01 21:41:31.751 [acceptor-thread] DEBUG tech.kitucode.demo.processors.PreProcessor - Received a request : BAL 12000
2021-07-01 21:41:31.752 [acceptor-thread] DEBUG tech.kitucode.demo.processors.PreProcessor - Received a BAL request
2021-07-01 21:41:31.753 [acceptor-thread] DEBUG tech.kitucode.demo.processors.BalanceProcessor - Received a balance check request : {}BAL 12000
2021-07-01 22:23:21.655 [main] DEBUG tech.kitucode.demo.App - Initialized log4j2
2021-07-01 22:23:21.659 [main] DEBUG tech.kitucode.demo.App - Initializing datasource
2021-07-01 22:23:21.965 [main] INFO  tech.kitucode.demo.App - system|finished initializing dataSource
2021-07-01 22:23:21.969 [main] INFO  tech.kitucode.demo.App - Waiting for client connections on port : 12000
2021-07-01 22:23:26.560 [acceptor-thread] INFO  tech.kitucode.demo.App - Client connected with port : 60984
2021-07-01 22:23:31.832 [acceptor-thread] DEBUG tech.kitucode.demo.App - About to send : BUY 128991001 100 to PreProcessor
2021-07-01 22:23:31.833 [acceptor-thread] DEBUG tech.kitucode.demo.processors.PreProcessor - Received a request : BUY 128991001 100
2021-07-01 22:23:31.833 [acceptor-thread] DEBUG tech.kitucode.demo.processors.PreProcessor - Received a BUY request
2021-07-01 22:23:31.834 [acceptor-thread] DEBUG tech.kitucode.demo.processors.RechargeProcessor - Received a recharge request for account number : 128991001 with amount : 100
2021-07-01 22:52:11.713 [main] DEBUG tech.kitucode.demo.App - Initialized log4j2
2021-07-01 22:52:11.717 [main] DEBUG tech.kitucode.demo.App - Initializing datasource
2021-07-01 22:52:12.082 [main] INFO  tech.kitucode.demo.App - system|finished initializing dataSource
2021-07-01 22:52:12.086 [main] INFO  tech.kitucode.demo.App - Waiting for client connections on port : 12000
2021-07-01 22:52:16.454 [acceptor-thread] INFO  tech.kitucode.demo.App - Client connected with port : 33476
2021-07-01 22:52:16.454 [acceptor-thread] DEBUG tech.kitucode.demo.App - About to send request to PreProcessor
2021-07-01 22:52:27.601 [acceptor-thread] DEBUG tech.kitucode.demo.processors.PreProcessor - Received a request : CREATE 123456
2021-07-01 22:52:27.602 [acceptor-thread] DEBUG tech.kitucode.demo.processors.PreProcessor - Received a CREATE request
2021-07-01 22:55:26.468 [main] DEBUG tech.kitucode.demo.App - Initialized log4j2
2021-07-01 22:55:26.471 [main] DEBUG tech.kitucode.demo.App - Initializing datasource
2021-07-01 22:55:26.824 [main] INFO  tech.kitucode.demo.App - system|finished initializing dataSource
2021-07-01 22:55:26.827 [main] INFO  tech.kitucode.demo.App - Waiting for client connections on port : 12000
2021-07-01 22:55:35.711 [acceptor-thread] INFO  tech.kitucode.demo.App - Client connected with port : 33576
2021-07-01 22:55:35.711 [acceptor-thread] DEBUG tech.kitucode.demo.App - About to send request to PreProcessor
2021-07-01 22:55:43.459 [acceptor-thread] DEBUG tech.kitucode.demo.processors.PreProcessor - Received a request : CREATE 123456
2021-07-01 22:55:43.459 [acceptor-thread] DEBUG tech.kitucode.demo.processors.PreProcessor - Received a CREATE request
2021-07-01 23:04:56.696 [main] DEBUG tech.kitucode.demo.App - Initialized log4j2
2021-07-01 23:04:56.699 [main] DEBUG tech.kitucode.demo.App - Initializing datasource
2021-07-01 23:04:56.971 [main] INFO  tech.kitucode.demo.App - system|finished initializing dataSource
2021-07-01 23:04:56.975 [main] INFO  tech.kitucode.demo.App - Waiting for client connections on port : 12000
2021-07-01 23:04:59.883 [acceptor-thread] INFO  tech.kitucode.demo.App - Client connected with port : 34598
2021-07-01 23:04:59.884 [acceptor-thread] DEBUG tech.kitucode.demo.App - About to send request to PreProcessor
2021-07-01 23:05:03.884 [acceptor-thread] DEBUG tech.kitucode.demo.processors.PreProcessor - Received a request : CREATE 123456
2021-07-01 23:05:03.884 [acceptor-thread] DEBUG tech.kitucode.demo.processors.PreProcessor - Received a CREATE request
2021-07-01 23:06:05.710 [acceptor-thread] DEBUG tech.kitucode.demo.processors.PreProcessor - Received a request : CREATE BRIAN
2021-07-01 23:06:05.710 [acceptor-thread] DEBUG tech.kitucode.demo.processors.PreProcessor - Received a CREATE request
2021-07-01 23:07:40.565 [main] DEBUG tech.kitucode.demo.App - Initialized log4j2
2021-07-01 23:07:40.570 [main] DEBUG tech.kitucode.demo.App - Initializing datasource
2021-07-01 23:07:41.087 [main] INFO  tech.kitucode.demo.App - system|finished initializing dataSource
2021-07-01 23:07:41.093 [main] INFO  tech.kitucode.demo.App - Waiting for client connections on port : 12000
2021-07-01 23:07:42.714 [acceptor-thread] INFO  tech.kitucode.demo.App - Client connected with port : 34698
2021-07-01 23:07:42.714 [acceptor-thread] DEBUG tech.kitucode.demo.App - About to send request to PreProcessor
2021-07-01 23:07:47.057 [acceptor-thread] DEBUG tech.kitucode.demo.processors.PreProcessor - Received a request : CREATE 123456
2021-07-01 23:07:47.057 [acceptor-thread] DEBUG tech.kitucode.demo.processors.PreProcessor - Received a CREATE request
2021-07-01 23:07:47.058 [acceptor-thread] DEBUG tech.kitucode.demo.processors.CustomerProcessor - Received request to create customer with account number : 123456
