2021-07-07 15:20:42.387 [main] DEBUG tech.kitucode.demo.App - Initialized log4j2
2021-07-07 15:20:42.390 [main] DEBUG tech.kitucode.demo.App - Initializing datasource
2021-07-07 15:20:42.750 [main] INFO  tech.kitucode.demo.App - system|finished initializing dataSource
2021-07-07 15:20:42.754 [main] INFO  tech.kitucode.demo.App - Waiting for client connections on port : 12000
2021-07-07 15:22:09.248 [acceptor-thread] INFO  tech.kitucode.demo.App - Client connected with port : 37680
2021-07-07 15:22:09.248 [acceptor-thread] DEBUG tech.kitucode.demo.App - About to send request to PreProcessor
2021-07-07 15:22:10.421 [acceptor-thread] DEBUG tech.kitucode.demo.processors.PreProcessor - Received a request : yes
2021-07-07 15:22:37.081 [acceptor-thread] DEBUG tech.kitucode.demo.processors.PreProcessor - Received a request : BAL 1200001
2021-07-07 15:22:37.081 [acceptor-thread] DEBUG tech.kitucode.demo.processors.PreProcessor - Received a BAL request
2021-07-07 15:22:37.084 [acceptor-thread] DEBUG tech.kitucode.demo.processors.BalanceProcessor - Received a balance check request : BAL 1200001
2021-07-07 15:23:16.054 [main] DEBUG tech.kitucode.demo.App - Initialized log4j2
2021-07-07 15:23:16.057 [main] DEBUG tech.kitucode.demo.App - Initializing datasource
2021-07-07 15:23:16.281 [main] INFO  tech.kitucode.demo.App - system|finished initializing dataSource
2021-07-07 15:23:16.284 [main] INFO  tech.kitucode.demo.App - Waiting for client connections on port : 12000
2021-07-07 15:23:21.258 [acceptor-thread] INFO  tech.kitucode.demo.App - Client connected with port : 37746
2021-07-07 15:23:21.258 [acceptor-thread] DEBUG tech.kitucode.demo.App - About to send request to PreProcessor
2021-07-07 15:23:25.894 [acceptor-thread] DEBUG tech.kitucode.demo.processors.PreProcessor - Received a request : BAL 1200001
2021-07-07 15:23:25.895 [acceptor-thread] DEBUG tech.kitucode.demo.processors.PreProcessor - Received a BAL request
2021-07-07 15:23:25.896 [acceptor-thread] DEBUG tech.kitucode.demo.processors.BalanceProcessor - Received a balance check request : BAL 1200001
2021-07-07 15:24:59.037 [acceptor-thread] DEBUG tech.kitucode.demo.processors.PreProcessor - Received a request : NN
2021-07-07 15:25:18.740 [acceptor-thread] DEBUG tech.kitucode.demo.processors.PreProcessor - Received a request : NN 12000
2021-07-07 15:25:18.740 [acceptor-thread] DEBUG tech.kitucode.demo.processors.PreProcessor - Received a NN request
2021-07-07 15:25:18.740 [acceptor-thread] DEBUG tech.kitucode.demo.processors.PreProcessor - Received an invalid request
2021-07-07 15:28:00.415 [main] DEBUG tech.kitucode.demo.App - Initialized log4j2
2021-07-07 15:28:00.418 [main] DEBUG tech.kitucode.demo.App - Initializing datasource
2021-07-07 15:28:00.824 [main] INFO  tech.kitucode.demo.App - system|finished initializing dataSource
2021-07-07 15:28:00.829 [main] INFO  tech.kitucode.demo.App - Waiting for client connections on port : 12000
2021-07-07 15:28:04.968 [acceptor-thread] INFO  tech.kitucode.demo.App - Client connected with port : 38036
2021-07-07 15:28:04.968 [acceptor-thread] DEBUG tech.kitucode.demo.App - About to send request to PreProcessor
2021-07-07 15:28:06.287 [acceptor-thread] DEBUG tech.kitucode.demo.processors.PreProcessor - Received a request : NN
2021-07-07 15:31:27.471 [main] DEBUG tech.kitucode.demo.App - Initialized log4j2
2021-07-07 15:31:27.475 [main] DEBUG tech.kitucode.demo.App - Initializing datasource
2021-07-07 15:31:27.752 [main] INFO  tech.kitucode.demo.App - system|finished initializing dataSource
2021-07-07 15:31:27.755 [main] INFO  tech.kitucode.demo.App - Waiting for client connections on port : 12000
2021-07-07 15:31:29.282 [acceptor-thread] INFO  tech.kitucode.demo.App - Client connected with port : 38132
2021-07-07 15:31:29.282 [acceptor-thread] DEBUG tech.kitucode.demo.App - About to send request to PreProcessor
2021-07-07 15:31:31.174 [acceptor-thread] DEBUG tech.kitucode.demo.processors.PreProcessor - Received a request : NN
2021-07-07 15:31:52.345 [acceptor-thread] DEBUG tech.kitucode.demo.processors.PreProcessor - Received a request : BAL 21333
2021-07-07 15:31:52.345 [acceptor-thread] DEBUG tech.kitucode.demo.processors.PreProcessor - Received a BAL request
2021-07-07 15:31:52.346 [acceptor-thread] DEBUG tech.kitucode.demo.processors.BalanceProcessor - Received a balance check request : BAL 21333
2021-07-07 15:39:40.723 [acceptor-thread] DEBUG tech.kitucode.demo.processors.PreProcessor - Received a request : BAL 12344556677
2021-07-07 15:39:40.724 [acceptor-thread] DEBUG tech.kitucode.demo.processors.PreProcessor - Received a BAL request
2021-07-07 15:39:40.724 [acceptor-thread] DEBUG tech.kitucode.demo.processors.BalanceProcessor - Received a balance check request : BAL 12344556677
2021-07-07 15:47:25.743 [main] DEBUG tech.kitucode.demo.App - Initialized log4j2
2021-07-07 15:47:25.747 [main] DEBUG tech.kitucode.demo.App - Initializing datasource
2021-07-07 15:47:26.047 [main] INFO  tech.kitucode.demo.App - system|finished initializing dataSource
2021-07-07 15:47:26.049 [main] INFO  tech.kitucode.demo.App - Waiting for client connections on port : 12000
2021-07-07 15:47:29.318 [acceptor-thread] INFO  tech.kitucode.demo.App - Client connected with port : 38590
2021-07-07 15:47:29.318 [acceptor-thread] DEBUG tech.kitucode.demo.App - About to send request to PreProcessor
2021-07-07 15:47:33.344 [acceptor-thread] DEBUG tech.kitucode.demo.processors.PreProcessor - Received a request : CREATE 1234
2021-07-07 15:47:33.345 [acceptor-thread] DEBUG tech.kitucode.demo.processors.PreProcessor - Received a CREATE request
2021-07-07 15:47:33.346 [acceptor-thread] DEBUG tech.kitucode.demo.processors.CustomerProcessor - Received request to create customer with account number : 1234
2021-07-07 15:50:21.371 [main] DEBUG tech.kitucode.demo.App - Initialized log4j2
2021-07-07 15:50:21.374 [main] DEBUG tech.kitucode.demo.App - Initializing datasource
2021-07-07 15:50:21.697 [main] INFO  tech.kitucode.demo.App - system|finished initializing dataSource
2021-07-07 15:50:21.700 [main] INFO  tech.kitucode.demo.App - Waiting for client connections on port : 12000
2021-07-07 15:50:25.221 [acceptor-thread] INFO  tech.kitucode.demo.App - Client connected with port : 38698
2021-07-07 15:50:25.221 [acceptor-thread] DEBUG tech.kitucode.demo.App - About to send request to PreProcessor
2021-07-07 15:50:25.223 [acceptor-thread] DEBUG tech.kitucode.demo.processors.PreProcessor - Received a request : 
2021-07-07 15:50:25.234 [acceptor-thread] DEBUG tech.kitucode.demo.processors.PreProcessor - Received a request : 
2021-07-07 15:50:34.159 [acceptor-thread] DEBUG tech.kitucode.demo.processors.PreProcessor - Received a request : CREATE 1234
2021-07-07 15:50:34.160 [acceptor-thread] DEBUG tech.kitucode.demo.processors.PreProcessor - Received a CREATE request
2021-07-07 15:50:34.161 [acceptor-thread] DEBUG tech.kitucode.demo.processors.CustomerProcessor - Received request to create customer with account number : 1234
2021-07-07 20:44:30.482 [main] DEBUG tech.kitucode.demo.App - Initialized log4j2
2021-07-07 20:44:30.486 [main] DEBUG tech.kitucode.demo.App - Initializing datasource
2021-07-07 20:44:30.939 [main] INFO  tech.kitucode.demo.App - system|finished initializing dataSource
2021-07-07 20:44:30.945 [main] INFO  tech.kitucode.demo.App - Waiting for client connections on port : 12000
2021-07-07 20:44:40.096 [acceptor-thread] INFO  tech.kitucode.demo.App - Client connected with port : 40596
2021-07-07 20:44:40.097 [acceptor-thread] DEBUG tech.kitucode.demo.App - About to send request to PreProcessor
2021-07-07 20:44:45.072 [acceptor-thread] DEBUG tech.kitucode.demo.processors.PreProcessor - Received a request : CREATE 123455
2021-07-07 20:44:45.073 [acceptor-thread] DEBUG tech.kitucode.demo.processors.PreProcessor - Received a CREATE request
2021-07-07 20:44:45.074 [acceptor-thread] DEBUG tech.kitucode.demo.processors.CustomerProcessor - Received request to create customer with account number : 123455
2021-07-07 20:48:38.606 [main] DEBUG tech.kitucode.demo.App - Initialized log4j2
2021-07-07 20:48:38.609 [main] DEBUG tech.kitucode.demo.App - Initializing datasource
2021-07-07 20:48:39.025 [main] INFO  tech.kitucode.demo.App - system|finished initializing dataSource
2021-07-07 20:48:39.029 [main] INFO  tech.kitucode.demo.App - Waiting for client connections on port : 12000
2021-07-07 20:48:43.103 [acceptor-thread] INFO  tech.kitucode.demo.App - Client connected with port : 40682
2021-07-07 20:48:43.103 [acceptor-thread] DEBUG tech.kitucode.demo.App - About to send request to PreProcessor
2021-07-07 20:48:58.639 [acceptor-thread] DEBUG tech.kitucode.demo.processors.PreProcessor - Received a request : CREATE 12345
2021-07-07 20:48:58.639 [acceptor-thread] DEBUG tech.kitucode.demo.processors.PreProcessor - Received a CREATE request
2021-07-07 20:48:58.641 [acceptor-thread] DEBUG tech.kitucode.demo.processors.CustomerProcessor - Received request to create customer with account number : 12345
2021-07-07 20:48:58.687 [acceptor-thread] DEBUG tech.kitucode.demo.processors.CustomerProcessor - Saved a new customer
2021-07-07 20:51:38.846 [main] DEBUG tech.kitucode.demo.App - Initialized log4j2
2021-07-07 20:51:38.850 [main] DEBUG tech.kitucode.demo.App - Initializing datasource
2021-07-07 20:51:39.227 [main] INFO  tech.kitucode.demo.App - system|finished initializing dataSource
2021-07-07 20:51:39.232 [main] INFO  tech.kitucode.demo.App - Waiting for client connections on port : 12000
2021-07-07 20:51:43.836 [acceptor-thread] INFO  tech.kitucode.demo.App - Client connected with port : 40756
2021-07-07 20:51:43.836 [acceptor-thread] DEBUG tech.kitucode.demo.App - About to send request to PreProcessor
2021-07-07 20:51:47.237 [acceptor-thread] DEBUG tech.kitucode.demo.processors.PreProcessor - Received a request : CREATE 12233
2021-07-07 20:51:47.238 [acceptor-thread] DEBUG tech.kitucode.demo.processors.PreProcessor - Received a CREATE request
2021-07-07 20:51:47.239 [acceptor-thread] DEBUG tech.kitucode.demo.processors.CustomerProcessor - Received request to create customer with account number : 12233
2021-07-07 20:51:47.284 [acceptor-thread] DEBUG tech.kitucode.demo.processors.CustomerProcessor - Saved a new customer
2021-07-07 20:54:00.355 [main] DEBUG tech.kitucode.demo.App - Initialized log4j2
2021-07-07 20:54:00.360 [main] DEBUG tech.kitucode.demo.App - Initializing datasource
2021-07-07 20:54:00.683 [main] INFO  tech.kitucode.demo.App - system|finished initializing dataSource
2021-07-07 20:54:00.687 [main] INFO  tech.kitucode.demo.App - Waiting for client connections on port : 12000
2021-07-07 20:54:17.646 [acceptor-thread] INFO  tech.kitucode.demo.App - Client connected with port : 40836
2021-07-07 20:54:17.647 [acceptor-thread] DEBUG tech.kitucode.demo.App - About to send request to PreProcessor
2021-07-07 20:54:22.354 [acceptor-thread] DEBUG tech.kitucode.demo.processors.PreProcessor - Received a request : CREATE 12345
2021-07-07 20:54:22.355 [acceptor-thread] DEBUG tech.kitucode.demo.processors.PreProcessor - Received a CREATE request
2021-07-07 20:54:22.356 [acceptor-thread] DEBUG tech.kitucode.demo.processors.CustomerProcessor - Received request to create customer with account number : 12345
2021-07-07 20:54:22.416 [acceptor-thread] DEBUG tech.kitucode.demo.processors.CustomerProcessor - Saved a new customer
2021-07-07 20:56:26.341 [main] DEBUG tech.kitucode.demo.App - Initialized log4j2
2021-07-07 20:56:26.344 [main] DEBUG tech.kitucode.demo.App - Initializing datasource
2021-07-07 20:56:26.758 [main] INFO  tech.kitucode.demo.App - system|finished initializing dataSource
2021-07-07 20:56:26.763 [main] INFO  tech.kitucode.demo.App - Waiting for client connections on port : 12000
2021-07-07 20:56:34.120 [acceptor-thread] INFO  tech.kitucode.demo.App - Client connected with port : 40912
2021-07-07 20:56:34.120 [acceptor-thread] DEBUG tech.kitucode.demo.App - About to send request to PreProcessor
2021-07-07 20:56:39.323 [acceptor-thread] DEBUG tech.kitucode.demo.processors.PreProcessor - Received a request : CREATE 21391
2021-07-07 20:56:39.324 [acceptor-thread] DEBUG tech.kitucode.demo.processors.PreProcessor - Received a CREATE request
2021-07-07 20:56:39.325 [acceptor-thread] DEBUG tech.kitucode.demo.processors.CustomerProcessor - Received request to create customer with account number : 21391
2021-07-07 20:56:39.377 [acceptor-thread] DEBUG tech.kitucode.demo.processors.CustomerProcessor - Saved a new customer
2021-07-07 20:57:37.614 [main] DEBUG tech.kitucode.demo.App - Initialized log4j2
2021-07-07 20:57:37.618 [main] DEBUG tech.kitucode.demo.App - Initializing datasource
2021-07-07 20:57:37.930 [main] INFO  tech.kitucode.demo.App - system|finished initializing dataSource
2021-07-07 20:57:37.934 [main] INFO  tech.kitucode.demo.App - Waiting for client connections on port : 12000
2021-07-07 20:57:42.537 [acceptor-thread] INFO  tech.kitucode.demo.App - Client connected with port : 40986
2021-07-07 20:57:42.537 [acceptor-thread] DEBUG tech.kitucode.demo.App - About to send request to PreProcessor
2021-07-07 20:57:46.454 [acceptor-thread] DEBUG tech.kitucode.demo.processors.PreProcessor - Received a request : CREATE 1234
2021-07-07 20:57:46.454 [acceptor-thread] DEBUG tech.kitucode.demo.processors.PreProcessor - Received a CREATE request
2021-07-07 20:57:46.455 [acceptor-thread] DEBUG tech.kitucode.demo.processors.CustomerProcessor - Received request to create customer with account number : 1234
2021-07-07 20:57:46.518 [acceptor-thread] DEBUG tech.kitucode.demo.processors.CustomerProcessor - Saved a new customer
2021-07-07 20:59:59.034 [main] DEBUG tech.kitucode.demo.App - Initialized log4j2
2021-07-07 20:59:59.037 [main] DEBUG tech.kitucode.demo.App - Initializing datasource
2021-07-07 20:59:59.326 [main] INFO  tech.kitucode.demo.App - system|finished initializing dataSource
2021-07-07 20:59:59.330 [main] INFO  tech.kitucode.demo.App - Waiting for client connections on port : 12000
2021-07-07 21:00:06.118 [acceptor-thread] INFO  tech.kitucode.demo.App - Client connected with port : 41084
2021-07-07 21:00:06.119 [acceptor-thread] DEBUG tech.kitucode.demo.App - About to send request to PreProcessor
2021-07-07 21:00:09.649 [acceptor-thread] DEBUG tech.kitucode.demo.processors.PreProcessor - Received a request : CREATE 12345
2021-07-07 21:00:09.650 [acceptor-thread] DEBUG tech.kitucode.demo.processors.PreProcessor - Received a CREATE request
2021-07-07 21:00:09.651 [acceptor-thread] DEBUG tech.kitucode.demo.processors.CustomerProcessor - Received request to create customer with account number : 12345
2021-07-07 21:00:09.698 [acceptor-thread] DEBUG tech.kitucode.demo.processors.CustomerProcessor - Saved a new customer
2021-07-07 21:01:50.385 [main] DEBUG tech.kitucode.demo.App - Initialized log4j2
2021-07-07 21:01:50.388 [main] DEBUG tech.kitucode.demo.App - Initializing datasource
2021-07-07 21:01:50.800 [main] INFO  tech.kitucode.demo.App - system|finished initializing dataSource
2021-07-07 21:01:50.803 [main] INFO  tech.kitucode.demo.App - Waiting for client connections on port : 12000
2021-07-07 21:01:57.498 [acceptor-thread] INFO  tech.kitucode.demo.App - Client connected with port : 41158
2021-07-07 21:01:57.498 [acceptor-thread] DEBUG tech.kitucode.demo.App - About to send request to PreProcessor
2021-07-07 21:02:04.758 [acceptor-thread] DEBUG tech.kitucode.demo.processors.PreProcessor - Received a request : CREATE 12456
2021-07-07 21:02:04.759 [acceptor-thread] DEBUG tech.kitucode.demo.processors.PreProcessor - Received a CREATE request
2021-07-07 21:02:04.760 [acceptor-thread] DEBUG tech.kitucode.demo.processors.CustomerProcessor - Received request to create customer with account number : 12456
2021-07-07 21:02:04.809 [acceptor-thread] DEBUG tech.kitucode.demo.processors.CustomerProcessor - Saved a new customer
2021-07-07 21:03:28.011 [main] DEBUG tech.kitucode.demo.App - Initialized log4j2
2021-07-07 21:03:28.015 [main] DEBUG tech.kitucode.demo.App - Initializing datasource
2021-07-07 21:03:28.299 [main] INFO  tech.kitucode.demo.App - system|finished initializing dataSource
2021-07-07 21:03:28.303 [main] INFO  tech.kitucode.demo.App - Waiting for client connections on port : 12000
2021-07-07 21:03:33.924 [acceptor-thread] INFO  tech.kitucode.demo.App - Client connected with port : 41242
2021-07-07 21:03:33.924 [acceptor-thread] DEBUG tech.kitucode.demo.App - About to send request to PreProcessor
2021-07-07 21:03:38.689 [acceptor-thread] DEBUG tech.kitucode.demo.processors.PreProcessor - Received a request : CREATE 18901
2021-07-07 21:03:38.690 [acceptor-thread] DEBUG tech.kitucode.demo.processors.PreProcessor - Received a CREATE request
2021-07-07 21:03:38.691 [acceptor-thread] DEBUG tech.kitucode.demo.processors.CustomerProcessor - Received request to create customer with account number : 18901
2021-07-07 21:03:38.725 [acceptor-thread] DEBUG tech.kitucode.demo.processors.CustomerProcessor - Saved a new customer
2021-07-07 21:11:09.337 [main] DEBUG tech.kitucode.demo.App - Initialized log4j2
2021-07-07 21:11:09.341 [main] DEBUG tech.kitucode.demo.App - Initializing datasource
2021-07-07 21:11:09.645 [main] INFO  tech.kitucode.demo.App - system|finished initializing dataSource
2021-07-07 21:11:09.646 [main] INFO  tech.kitucode.demo.App - Initializing the processor configs
2021-07-07 21:11:09.654 [main] INFO  tech.kitucode.demo.App - Waiting for client connections on port : 12000
2021-07-07 21:11:43.712 [main] DEBUG tech.kitucode.demo.App - Initialized log4j2
2021-07-07 21:11:43.716 [main] DEBUG tech.kitucode.demo.App - Initializing datasource
2021-07-07 21:11:44.070 [main] INFO  tech.kitucode.demo.App - system|finished initializing dataSource
2021-07-07 21:11:44.071 [main] INFO  tech.kitucode.demo.App - Initializing the processor configs
2021-07-07 21:11:44.078 [main] INFO  tech.kitucode.demo.App - Received config : {PRE=tech.kitucode.demo.processors.PreProcessor, CUSTOMER=tech.kitucode.demo.processors.CustomerProcessor, BALANCE=tech.kitucode.demo.processors.BalanceProcessor, RECHARGE=tech.kitucode.demo.processors.RechargeProcessor}
2021-07-07 21:11:44.080 [main] INFO  tech.kitucode.demo.App - Waiting for client connections on port : 12000
2021-07-07 21:12:28.753 [acceptor-thread] INFO  tech.kitucode.demo.App - Client connected with port : 41438
2021-07-07 21:12:28.754 [acceptor-thread] DEBUG tech.kitucode.demo.App - About to send request to PreProcessor
2021-07-07 21:12:33.537 [acceptor-thread] DEBUG tech.kitucode.demo.processors.PreProcessor - Received a request : CREATE 89012
2021-07-07 21:12:33.537 [acceptor-thread] DEBUG tech.kitucode.demo.processors.PreProcessor - Received a CREATE request
2021-07-07 21:15:09.475 [main] DEBUG tech.kitucode.demo.App - Initialized log4j2
2021-07-07 21:15:09.478 [main] DEBUG tech.kitucode.demo.App - Initializing datasource
2021-07-07 21:15:09.820 [main] INFO  tech.kitucode.demo.App - system|finished initializing dataSource
2021-07-07 21:15:09.820 [main] INFO  tech.kitucode.demo.App - Initializing the processor configs
2021-07-07 21:15:09.830 [main] INFO  tech.kitucode.demo.App - Received config : {PRE=tech.kitucode.demo.processors.PreProcessor, CUSTOMER=tech.kitucode.demo.processors.CustomerProcessor, BALANCE=tech.kitucode.demo.processors.BalanceProcessor, RECHARGE=tech.kitucode.demo.processors.RechargeProcessor}
2021-07-07 21:15:09.833 [main] INFO  tech.kitucode.demo.App - Waiting for client connections on port : 12000
2021-07-07 21:15:15.725 [acceptor-thread] INFO  tech.kitucode.demo.App - Client connected with port : 41522
2021-07-07 21:15:15.725 [acceptor-thread] DEBUG tech.kitucode.demo.App - About to send request to PreProcessor
2021-07-07 21:15:20.251 [acceptor-thread] DEBUG tech.kitucode.demo.processors.PreProcessor - Received a request : CREATE 12390
2021-07-07 21:15:20.252 [acceptor-thread] DEBUG tech.kitucode.demo.processors.PreProcessor - Received a CREATE request
2021-07-07 21:15:20.253 [acceptor-thread] DEBUG tech.kitucode.demo.processors.CustomerProcessor - Received request to create customer with account number : 12390
2021-07-07 21:15:20.298 [acceptor-thread] DEBUG tech.kitucode.demo.processors.CustomerProcessor - Saved a new customer
2021-07-07 21:37:19.641 [main] DEBUG tech.kitucode.demo.App - Initialized log4j2
2021-07-07 21:37:19.646 [main] DEBUG tech.kitucode.demo.App - Initializing datasource
2021-07-07 21:37:20.409 [main] INFO  tech.kitucode.demo.App - system|finished initializing dataSource
2021-07-07 21:37:20.410 [main] INFO  tech.kitucode.demo.App - Initializing the processor configs
2021-07-07 21:37:20.421 [main] INFO  tech.kitucode.demo.App - Received config : {PRE=tech.kitucode.demo.processors.PreProcessor, CUSTOMER=tech.kitucode.demo.processors.CustomerProcessor, BALANCE=tech.kitucode.demo.processors.BalanceProcessor, RECHARGE=tech.kitucode.demo.processors.RechargeProcessor}
2021-07-07 21:37:20.430 [main] INFO  tech.kitucode.demo.App - Waiting for client connections on port : 12000
2021-07-07 21:38:05.750 [main] DEBUG tech.kitucode.demo.App - Initialized log4j2
2021-07-07 21:38:05.753 [main] DEBUG tech.kitucode.demo.App - Initializing datasource
2021-07-07 21:38:06.054 [main] INFO  tech.kitucode.demo.App - system|finished initializing dataSource
2021-07-07 21:38:06.055 [main] INFO  tech.kitucode.demo.App - Initializing the processor configs
2021-07-07 21:38:06.061 [main] INFO  tech.kitucode.demo.App - Received config : {PRE=tech.kitucode.demo.processors.PreProcessor, CUSTOMER=tech.kitucode.demo.processors.CustomerProcessor, BALANCE=tech.kitucode.demo.processors.BalanceProcessor, RECHARGE=tech.kitucode.demo.processors.RechargeProcessor}
2021-07-07 21:38:06.062 [main] INFO  tech.kitucode.demo.App - Waiting for client connections on port : 12000
2021-07-07 21:38:15.727 [acceptor-thread] INFO  tech.kitucode.demo.App - Client connected with port : 42262
2021-07-07 21:38:15.727 [acceptor-thread] DEBUG tech.kitucode.demo.App - About to send request to PreProcessor
2021-07-07 21:38:25.831 [acceptor-thread] DEBUG tech.kitucode.demo.processors.PreProcessor - Received a request : BAL 12390 
2021-07-07 21:38:25.831 [acceptor-thread] DEBUG tech.kitucode.demo.processors.PreProcessor - Received a BAL request
2021-07-07 21:38:25.833 [acceptor-thread] DEBUG tech.kitucode.demo.processors.BalanceProcessor - Received a balance check request : BAL 12390 
2021-07-07 21:38:25.883 [acceptor-thread] DEBUG tech.kitucode.demo.processors.BalanceProcessor - Balance : 0.0
2021-07-07 21:39:16.317 [main] DEBUG tech.kitucode.demo.App - Initialized log4j2
2021-07-07 21:39:16.321 [main] DEBUG tech.kitucode.demo.App - Initializing datasource
2021-07-07 21:39:17.122 [main] INFO  tech.kitucode.demo.App - system|finished initializing dataSource
2021-07-07 21:39:17.123 [main] INFO  tech.kitucode.demo.App - Initializing the processor configs
2021-07-07 21:39:17.136 [main] INFO  tech.kitucode.demo.App - Received config : {PRE=tech.kitucode.demo.processors.PreProcessor, CUSTOMER=tech.kitucode.demo.processors.CustomerProcessor, BALANCE=tech.kitucode.demo.processors.BalanceProcessor, RECHARGE=tech.kitucode.demo.processors.RechargeProcessor}
2021-07-07 21:39:17.138 [main] INFO  tech.kitucode.demo.App - Waiting for client connections on port : 12000
2021-07-07 21:39:17.492 [acceptor-thread] INFO  tech.kitucode.demo.App - Client connected with port : 42280
2021-07-07 21:39:17.492 [acceptor-thread] DEBUG tech.kitucode.demo.App - About to send request to PreProcessor
2021-07-07 21:39:21.908 [acceptor-thread] DEBUG tech.kitucode.demo.processors.PreProcessor - Received a request : BAL 12390 
2021-07-07 21:39:21.909 [acceptor-thread] DEBUG tech.kitucode.demo.processors.PreProcessor - Received a BAL request
2021-07-07 21:39:21.910 [acceptor-thread] DEBUG tech.kitucode.demo.processors.BalanceProcessor - Received a balance check request : BAL 12390 
2021-07-07 21:39:21.960 [acceptor-thread] DEBUG tech.kitucode.demo.processors.BalanceProcessor - Balance : 0.0
2021-07-07 21:41:24.241 [main] DEBUG tech.kitucode.demo.App - Initialized log4j2
2021-07-07 21:41:24.245 [main] DEBUG tech.kitucode.demo.App - Initializing datasource
2021-07-07 21:41:24.577 [main] INFO  tech.kitucode.demo.App - system|finished initializing dataSource
2021-07-07 21:41:24.581 [main] INFO  tech.kitucode.demo.App - Initializing the processor configs
2021-07-07 21:41:24.591 [main] INFO  tech.kitucode.demo.App - Received config : {PRE=tech.kitucode.demo.processors.PreProcessor, CUSTOMER=tech.kitucode.demo.processors.CustomerProcessor, BALANCE=tech.kitucode.demo.processors.BalanceProcessor, RECHARGE=tech.kitucode.demo.processors.RechargeProcessor}
2021-07-07 21:41:24.593 [main] INFO  tech.kitucode.demo.App - Waiting for client connections on port : 12000
2021-07-07 21:41:28.593 [acceptor-thread] INFO  tech.kitucode.demo.App - Client connected with port : 42394
2021-07-07 21:41:28.593 [acceptor-thread] DEBUG tech.kitucode.demo.App - About to send request to PreProcessor
2021-07-07 21:41:34.161 [acceptor-thread] DEBUG tech.kitucode.demo.processors.PreProcessor - Received a request : BAL 12390 
2021-07-07 21:41:34.161 [acceptor-thread] DEBUG tech.kitucode.demo.processors.PreProcessor - Received a BAL request
2021-07-07 21:41:34.162 [acceptor-thread] DEBUG tech.kitucode.demo.processors.BalanceProcessor - Received a balance check request : BAL 12390 
2021-07-07 21:41:34.200 [acceptor-thread] DEBUG tech.kitucode.demo.processors.BalanceProcessor - Balance : 0.0
2021-07-07 21:42:49.856 [main] DEBUG tech.kitucode.demo.App - Initialized log4j2
2021-07-07 21:42:49.859 [main] DEBUG tech.kitucode.demo.App - Initializing datasource
2021-07-07 21:42:50.128 [main] INFO  tech.kitucode.demo.App - system|finished initializing dataSource
2021-07-07 21:42:50.128 [main] INFO  tech.kitucode.demo.App - Initializing the processor configs
2021-07-07 21:42:50.134 [main] INFO  tech.kitucode.demo.App - Received config : {PRE=tech.kitucode.demo.processors.PreProcessor, CUSTOMER=tech.kitucode.demo.processors.CustomerProcessor, BALANCE=tech.kitucode.demo.processors.BalanceProcessor, RECHARGE=tech.kitucode.demo.processors.RechargeProcessor}
2021-07-07 21:42:50.135 [main] INFO  tech.kitucode.demo.App - Waiting for client connections on port : 12000
2021-07-07 21:43:04.708 [acceptor-thread] INFO  tech.kitucode.demo.App - Client connected with port : 42472
2021-07-07 21:43:04.710 [acceptor-thread] DEBUG tech.kitucode.demo.App - About to send request to PreProcessor
2021-07-07 21:43:07.893 [acceptor-thread] DEBUG tech.kitucode.demo.processors.PreProcessor - Received a request : BAL 12390 
2021-07-07 21:43:07.894 [acceptor-thread] DEBUG tech.kitucode.demo.processors.PreProcessor - Received a BAL request
2021-07-07 21:43:07.895 [acceptor-thread] DEBUG tech.kitucode.demo.processors.BalanceProcessor - Received a balance check request : BAL 12390 
2021-07-07 21:43:07.952 [acceptor-thread] DEBUG tech.kitucode.demo.processors.BalanceProcessor - Balance : 0.0
2021-07-07 21:43:44.304 [acceptor-thread] DEBUG tech.kitucode.demo.processors.PreProcessor - Received a request : BAL 23290
2021-07-07 21:43:44.305 [acceptor-thread] DEBUG tech.kitucode.demo.processors.PreProcessor - Received a BAL request
2021-07-07 21:43:44.305 [acceptor-thread] DEBUG tech.kitucode.demo.processors.BalanceProcessor - Received a balance check request : BAL 23290
2021-07-07 21:43:44.307 [acceptor-thread] DEBUG tech.kitucode.demo.processors.BalanceProcessor - Balance : 0.0
2021-07-07 21:45:02.329 [acceptor-thread] DEBUG tech.kitucode.demo.processors.PreProcessor - Received a request : BAL 12345
2021-07-07 21:45:02.330 [acceptor-thread] DEBUG tech.kitucode.demo.processors.PreProcessor - Received a BAL request
2021-07-07 21:45:02.330 [acceptor-thread] DEBUG tech.kitucode.demo.processors.BalanceProcessor - Received a balance check request : BAL 12345
2021-07-07 21:45:02.332 [acceptor-thread] DEBUG tech.kitucode.demo.processors.BalanceProcessor - Balance : 10.0
2021-07-08 14:22:22.633 [acceptor-thread] DEBUG tech.kitucode.demo.processors.PreProcessor - Received a request : BAL 12345
2021-07-08 14:22:22.634 [acceptor-thread] DEBUG tech.kitucode.demo.processors.PreProcessor - Received a BAL request
2021-07-08 14:22:22.634 [acceptor-thread] DEBUG tech.kitucode.demo.processors.BalanceProcessor - Received a balance check request : BAL 12345
2021-07-08 14:22:22.667 [acceptor-thread] DEBUG tech.kitucode.demo.processors.BalanceProcessor - Balance : 10.0
2021-07-08 14:22:38.629 [acceptor-thread] DEBUG tech.kitucode.demo.processors.PreProcessor - Received a request : BAL 12345
2021-07-08 14:22:38.630 [acceptor-thread] DEBUG tech.kitucode.demo.processors.PreProcessor - Received a BAL request
2021-07-08 14:22:38.630 [acceptor-thread] DEBUG tech.kitucode.demo.processors.BalanceProcessor - Received a balance check request : BAL 12345
2021-07-08 14:22:38.631 [acceptor-thread] DEBUG tech.kitucode.demo.processors.BalanceProcessor - Balance : 10.0
2021-07-08 14:22:52.285 [acceptor-thread] DEBUG tech.kitucode.demo.processors.PreProcessor - Received a request : BAL 12901
2021-07-08 14:22:52.285 [acceptor-thread] DEBUG tech.kitucode.demo.processors.PreProcessor - Received a BAL request
2021-07-08 14:22:52.286 [acceptor-thread] DEBUG tech.kitucode.demo.processors.BalanceProcessor - Received a balance check request : BAL 12901
2021-07-08 14:22:52.287 [acceptor-thread] DEBUG tech.kitucode.demo.processors.BalanceProcessor - Balance : 0.0
